[2025-11-07 13:14:11] ToT run started for research_topics/Wastewater_Resource_Recovery_Cats.txt
[2025-11-07 13:14:11] Stage 1 submitted (Job ID: 1357669)
[2025-11-07 16:22:33] Stage 1 completed
[2025-11-07 16:22:33] Stage 2 Branch 6c4a9f939b7d6a32 job 1/3 submitted (Job ID: 1358244)
[2025-11-07 16:22:33] Stage 2 Branch 6c4a9f939b7d6a32 job 2/3 submitted (Job ID: 1358245, dependency: 1358244)
[2025-11-07 16:22:33] Stage 2 Branch 6c4a9f939b7d6a32 job 3/3 submitted (Job ID: 1358246, dependency: 1358245)
[2025-11-07 16:22:33] Stage 2 Branch 2e107ad312c5d0ef job 1/3 submitted (Job ID: 1358247)
[2025-11-07 16:22:33] Stage 2 Branch 2e107ad312c5d0ef job 2/3 submitted (Job ID: 1358248, dependency: 1358247)
[2025-11-07 16:22:34] Stage 2 Branch 2e107ad312c5d0ef job 3/3 submitted (Job ID: 1358249, dependency: 1358248)
[2025-11-07 16:22:34] Stage 2 Branch 9b22755265f8d717 job 1/3 submitted (Job ID: 1358250)
[2025-11-07 16:22:34] Stage 2 Branch 9b22755265f8d717 job 2/3 submitted (Job ID: 1358251, dependency: 1358250)
[2025-11-07 16:22:34] Stage 2 Branch 9b22755265f8d717 job 3/3 submitted (Job ID: 1358252, dependency: 1358251)
[2025-11-08 15:02:31] Stage 2 Branch 6c4a9f939b7d6a32 started (SLURM Job: 1358244)
[2025-11-08 15:06:42] Stage 2 Branch 2e107ad312c5d0ef started (SLURM Job: 1358247)
[2025-11-08 15:32:09] Stage 2 Branch 9b22755265f8d717 started (SLURM Job: 1358250)
[2025-11-08 19:03:01] Stage 2 Branch 6c4a9f939b7d6a32 started (SLURM Job: 1358245)
[2025-11-08 19:07:04] Stage 2 Branch 2e107ad312c5d0ef started (SLURM Job: 1358248)
[2025-11-08 19:26:38] Stage 2 Branch 2e107ad312c5d0ef ended (SLURM Job: 1358248)
[2025-11-08 19:27:10] Stage 2 Branch 2e107ad312c5d0ef started (SLURM Job: 1358249)
[2025-11-08 19:27:18] Stage 2 Branch 2e107ad312c5d0ef ended (SLURM Job: 1358249)
[2025-11-08 19:32:31] Stage 2 Branch 9b22755265f8d717 started (SLURM Job: 1358251)
[2025-11-08 20:05:22] Stage 2 Branch 9b22755265f8d717 ended (SLURM Job: 1358251)
[2025-11-08 20:05:54] Stage 2 Branch 9b22755265f8d717 started (SLURM Job: 1358252)
[2025-11-08 20:06:02] Stage 2 Branch 9b22755265f8d717 ended (SLURM Job: 1358252)
[2025-11-08 20:06:29] Stage 2 Branch 6c4a9f939b7d6a32 ended (SLURM Job: 1358245)
[2025-11-08 20:07:02] Stage 2 Branch 6c4a9f939b7d6a32 started (SLURM Job: 1358246)
[2025-11-08 20:07:08] Stage 2 Branch 6c4a9f939b7d6a32 ended (SLURM Job: 1358246)
[2025-11-09 10:18:00] Stage 1 completed
[2025-11-09 10:18:00] Stage 2 Branch 6c4a9f939b7d6a32 completed
[2025-11-09 10:18:00] Stage 2 Branch 2e107ad312c5d0ef completed
[2025-11-09 10:18:00] Stage 2 Branch 9b22755265f8d717 completed
[2025-11-09 10:18:00] Stage 2 completed (all branches done)
[2025-11-09 10:18:00] Stage 3 submitted (Job ID: 1360035)
[2025-11-09 15:43:32] Stage 1 completed
[2025-11-09 15:43:33] Stage 2 completed (all branches done)
[2025-11-09 15:43:33] Stage 3 submitted (Job ID: 1360181)
