[2025-11-07 13:14:09] ToT run started for research_topics/Microplastics_Sensing_2D.txt
[2025-11-07 13:14:09] Stage 1 submitted (Job ID: 1357657)
[2025-11-07 16:22:24] Stage 1 completed
[2025-11-07 16:22:24] Stage 2 Branch fe0c004cb119d39a job 1/3 submitted (Job ID: 1358132)
[2025-11-07 16:22:24] Stage 2 Branch fe0c004cb119d39a job 2/3 submitted (Job ID: 1358133, dependency: 1358132)
[2025-11-07 16:22:25] Stage 2 Branch fe0c004cb119d39a job 3/3 submitted (Job ID: 1358134, dependency: 1358133)
[2025-11-07 16:22:25] Stage 2 Branch d0866fd8ffdc3d63 job 1/3 submitted (Job ID: 1358135)
[2025-11-07 16:22:25] Stage 2 Branch d0866fd8ffdc3d63 job 2/3 submitted (Job ID: 1358136, dependency: 1358135)
[2025-11-07 16:22:25] Stage 2 Branch d0866fd8ffdc3d63 job 3/3 submitted (Job ID: 1358137, dependency: 1358136)
[2025-11-07 16:22:25] Stage 2 Branch a2dd26b4faf32ea6 job 1/3 submitted (Job ID: 1358138)
[2025-11-07 16:22:25] Stage 2 Branch a2dd26b4faf32ea6 job 2/3 submitted (Job ID: 1358139, dependency: 1358138)
[2025-11-07 16:22:25] Stage 2 Branch a2dd26b4faf32ea6 job 3/3 submitted (Job ID: 1358140, dependency: 1358139)
[2025-11-08 02:42:17] Stage 2 Branch fe0c004cb119d39a started (SLURM Job: 1358132)
[2025-11-08 03:16:38] Stage 2 Branch d0866fd8ffdc3d63 started (SLURM Job: 1358135)
[2025-11-08 03:58:35] Stage 2 Branch a2dd26b4faf32ea6 started (SLURM Job: 1358138)
[2025-11-08 06:30:12] Stage 2 Branch fe0c004cb119d39a ended (SLURM Job: 1358132)
[2025-11-08 08:19:20] Stage 2 Branch fe0c004cb119d39a started (SLURM Job: 1358133)
[2025-11-08 08:19:28] Stage 2 Branch fe0c004cb119d39a ended (SLURM Job: 1358133)
[2025-11-08 08:20:30] Stage 2 Branch d0866fd8ffdc3d63 started (SLURM Job: 1358136)
[2025-11-08 08:35:51] Stage 2 Branch a2dd26b4faf32ea6 started (SLURM Job: 1358139)
[2025-11-08 08:35:59] Stage 2 Branch fe0c004cb119d39a started (SLURM Job: 1358134)
[2025-11-08 08:36:06] Stage 2 Branch fe0c004cb119d39a ended (SLURM Job: 1358134)
[2025-11-08 08:37:05] Stage 2 Branch d0866fd8ffdc3d63 ended (SLURM Job: 1358136)
[2025-11-08 09:00:24] Stage 2 Branch a2dd26b4faf32ea6 ended (SLURM Job: 1358139)
[2025-11-08 09:08:30] Stage 2 Branch d0866fd8ffdc3d63 started (SLURM Job: 1358137)
[2025-11-08 09:08:35] Stage 2 Branch d0866fd8ffdc3d63 ended (SLURM Job: 1358137)
[2025-11-08 09:18:53] Stage 2 Branch a2dd26b4faf32ea6 started (SLURM Job: 1358140)
[2025-11-08 09:19:01] Stage 2 Branch a2dd26b4faf32ea6 ended (SLURM Job: 1358140)
[2025-11-09 10:17:54] Stage 1 completed
[2025-11-09 10:17:55] Stage 2 Branch fe0c004cb119d39a completed
[2025-11-09 10:17:55] Stage 2 Branch d0866fd8ffdc3d63 completed
[2025-11-09 10:17:55] Stage 2 Branch a2dd26b4faf32ea6 completed
[2025-11-09 10:17:55] Stage 2 completed (all branches done)
[2025-11-09 10:17:55] Stage 3 submitted (Job ID: 1360023)
[2025-11-09 15:43:27] Stage 1 completed
[2025-11-09 15:43:27] Stage 2 completed (all branches done)
[2025-11-09 15:43:27] Stage 3 submitted (Job ID: 1360169)
