[2025-11-07 13:14:09] ToT run started for research_topics/ML_e_Tongue_for_Water.txt
[2025-11-07 13:14:09] Stage 1 submitted (Job ID: 1357659)
[2025-11-07 16:22:26] Stage 1 completed
[2025-11-07 16:22:26] Stage 2 Branch 3a006841280dbf7e job 1/3 submitted (Job ID: 1358150)
[2025-11-07 16:22:26] Stage 2 Branch 3a006841280dbf7e job 2/3 submitted (Job ID: 1358151, dependency: 1358150)
[2025-11-07 16:22:26] Stage 2 Branch 3a006841280dbf7e job 3/3 submitted (Job ID: 1358152, dependency: 1358151)
[2025-11-07 16:22:26] Stage 2 Branch 05f48f488698ce76 job 1/3 submitted (Job ID: 1358153)
[2025-11-07 16:22:26] Stage 2 Branch 05f48f488698ce76 job 2/3 submitted (Job ID: 1358154, dependency: 1358153)
[2025-11-07 16:22:26] Stage 2 Branch 05f48f488698ce76 job 3/3 submitted (Job ID: 1358155, dependency: 1358154)
[2025-11-07 16:22:26] Stage 2 Branch 39db78e55829e29b job 1/3 submitted (Job ID: 1358156)
[2025-11-07 16:22:26] Stage 2 Branch 39db78e55829e29b job 2/3 submitted (Job ID: 1358157, dependency: 1358156)
[2025-11-07 16:22:26] Stage 2 Branch 39db78e55829e29b job 3/3 submitted (Job ID: 1358158, dependency: 1358157)
[2025-11-08 04:35:18] Stage 2 Branch 3a006841280dbf7e started (SLURM Job: 1358150)
[2025-11-08 05:07:40] Stage 2 Branch 05f48f488698ce76 started (SLURM Job: 1358153)
[2025-11-08 05:09:49] Stage 2 Branch 39db78e55829e29b started (SLURM Job: 1358156)
[2025-11-08 09:09:07] Stage 2 Branch 3a006841280dbf7e started (SLURM Job: 1358151)
[2025-11-08 09:19:32] Stage 2 Branch 05f48f488698ce76 started (SLURM Job: 1358154)
[2025-11-08 09:20:53] Stage 2 Branch 39db78e55829e29b started (SLURM Job: 1358157)
[2025-11-08 09:36:03] Stage 2 Branch 3a006841280dbf7e ended (SLURM Job: 1358151)
[2025-11-08 09:52:54] Stage 2 Branch 3a006841280dbf7e started (SLURM Job: 1358152)
[2025-11-08 09:53:02] Stage 2 Branch 3a006841280dbf7e ended (SLURM Job: 1358152)
[2025-11-08 09:55:32] Stage 2 Branch 05f48f488698ce76 ended (SLURM Job: 1358154)
[2025-11-08 09:59:33] Stage 2 Branch 05f48f488698ce76 started (SLURM Job: 1358155)
[2025-11-08 09:59:38] Stage 2 Branch 05f48f488698ce76 ended (SLURM Job: 1358155)
[2025-11-08 10:02:39] Stage 2 Branch 39db78e55829e29b ended (SLURM Job: 1358157)
[2025-11-08 10:14:54] Stage 2 Branch 39db78e55829e29b started (SLURM Job: 1358158)
[2025-11-08 10:15:02] Stage 2 Branch 39db78e55829e29b ended (SLURM Job: 1358158)
[2025-11-09 10:17:55] Stage 1 completed
[2025-11-09 10:17:55] Stage 2 Branch 3a006841280dbf7e completed
[2025-11-09 10:17:56] Stage 2 Branch 05f48f488698ce76 completed
[2025-11-09 10:17:56] Stage 2 Branch 39db78e55829e29b completed
[2025-11-09 10:17:56] Stage 2 completed (all branches done)
[2025-11-09 10:17:56] Stage 3 submitted (Job ID: 1360025)
[2025-11-09 15:43:28] Stage 1 completed
[2025-11-09 15:43:28] Stage 2 completed (all branches done)
[2025-11-09 15:43:28] Stage 3 submitted (Job ID: 1360171)
