[2025-11-07 13:14:08] ToT run started for research_topics/InSitu_Liquid_TEM_MoS2_Sensing.txt
[2025-11-07 13:14:08] Stage 1 submitted (Job ID: 1357652)
[2025-11-07 16:22:20] Stage 1 completed
[2025-11-07 16:22:21] Stage 2 Branch b198468ed81ad39d job 1/3 submitted (Job ID: 1358087)
[2025-11-07 16:22:21] Stage 2 Branch b198468ed81ad39d job 2/3 submitted (Job ID: 1358088, dependency: 1358087)
[2025-11-07 16:22:21] Stage 2 Branch b198468ed81ad39d job 3/3 submitted (Job ID: 1358089, dependency: 1358088)
[2025-11-07 16:22:21] Stage 2 Branch 048ba9a7ec3bb39c job 1/3 submitted (Job ID: 1358090)
[2025-11-07 16:22:21] Stage 2 Branch 048ba9a7ec3bb39c job 2/3 submitted (Job ID: 1358091, dependency: 1358090)
[2025-11-07 16:22:21] Stage 2 Branch 048ba9a7ec3bb39c job 3/3 submitted (Job ID: 1358092, dependency: 1358091)
[2025-11-07 16:22:21] Stage 2 Branch f34e509a8ff06b82 job 1/3 submitted (Job ID: 1358093)
[2025-11-07 16:22:21] Stage 2 Branch f34e509a8ff06b82 job 2/3 submitted (Job ID: 1358094, dependency: 1358093)
[2025-11-07 16:22:21] Stage 2 Branch f34e509a8ff06b82 job 3/3 submitted (Job ID: 1358095, dependency: 1358094)
[2025-11-07 23:21:55] Stage 2 Branch b198468ed81ad39d started (SLURM Job: 1358087)
[2025-11-07 23:23:11] Stage 2 Branch 048ba9a7ec3bb39c started (SLURM Job: 1358090)
[2025-11-07 23:35:06] Stage 2 Branch f34e509a8ff06b82 started (SLURM Job: 1358093)
[2025-11-08 03:16:05] Stage 2 Branch b198468ed81ad39d ended (SLURM Job: 1358087)
[2025-11-08 03:35:36] Stage 2 Branch b198468ed81ad39d started (SLURM Job: 1358088)
[2025-11-08 03:35:45] Stage 2 Branch b198468ed81ad39d ended (SLURM Job: 1358088)
[2025-11-08 03:36:17] Stage 2 Branch 048ba9a7ec3bb39c started (SLURM Job: 1358091)
[2025-11-08 03:44:01] Stage 2 Branch b198468ed81ad39d started (SLURM Job: 1358089)
[2025-11-08 03:44:07] Stage 2 Branch b198468ed81ad39d ended (SLURM Job: 1358089)
[2025-11-08 03:44:39] Stage 2 Branch f34e509a8ff06b82 started (SLURM Job: 1358094)
[2025-11-08 04:01:52] Stage 2 Branch 048ba9a7ec3bb39c ended (SLURM Job: 1358091)
[2025-11-08 04:32:44] Stage 2 Branch 048ba9a7ec3bb39c started (SLURM Job: 1358092)
[2025-11-08 04:32:53] Stage 2 Branch 048ba9a7ec3bb39c ended (SLURM Job: 1358092)
[2025-11-08 05:26:44] Stage 2 Branch f34e509a8ff06b82 ended (SLURM Job: 1358094)
[2025-11-08 05:35:18] Stage 2 Branch f34e509a8ff06b82 started (SLURM Job: 1358095)
[2025-11-08 05:35:24] Stage 2 Branch f34e509a8ff06b82 ended (SLURM Job: 1358095)
[2025-11-09 10:17:52] Stage 1 completed
[2025-11-09 10:17:52] Stage 2 Branch b198468ed81ad39d completed
[2025-11-09 10:17:52] Stage 2 Branch 048ba9a7ec3bb39c completed
[2025-11-09 10:17:52] Stage 2 Branch f34e509a8ff06b82 completed
[2025-11-09 10:17:52] Stage 2 completed (all branches done)
[2025-11-09 10:17:52] Stage 3 submitted (Job ID: 1360018)
[2025-11-09 15:43:25] Stage 1 completed
[2025-11-09 15:43:25] Stage 2 completed (all branches done)
[2025-11-09 15:43:25] Stage 3 submitted (Job ID: 1360164)
