[2025-11-07 13:14:10] ToT run started for research_topics/PFAS_Electro_Degradation.txt
[2025-11-07 13:14:10] Stage 1 submitted (Job ID: 1357664)
[2025-11-07 16:22:29] Stage 1 completed
[2025-11-07 16:22:30] Stage 2 Branch f91338b4a548335e job 1/3 submitted (Job ID: 1358197)
[2025-11-07 16:22:30] Stage 2 Branch f91338b4a548335e job 2/3 submitted (Job ID: 1358198, dependency: 1358197)
[2025-11-07 16:22:30] Stage 2 Branch f91338b4a548335e job 3/3 submitted (Job ID: 1358199, dependency: 1358198)
[2025-11-07 16:22:30] Stage 2 Branch aab1594b1c481fbf job 1/3 submitted (Job ID: 1358200)
[2025-11-07 16:22:30] Stage 2 Branch aab1594b1c481fbf job 2/3 submitted (Job ID: 1358201, dependency: 1358200)
[2025-11-07 16:22:30] Stage 2 Branch aab1594b1c481fbf job 3/3 submitted (Job ID: 1358202, dependency: 1358201)
[2025-11-07 16:22:30] Stage 2 Branch aa187e505b4ba9c8 job 1/3 submitted (Job ID: 1358203)
[2025-11-07 16:22:30] Stage 2 Branch aa187e505b4ba9c8 job 2/3 submitted (Job ID: 1358204, dependency: 1358203)
[2025-11-07 16:22:30] Stage 2 Branch aa187e505b4ba9c8 job 3/3 submitted (Job ID: 1358205, dependency: 1358204)
[2025-11-08 09:27:24] Stage 2 Branch f91338b4a548335e started (SLURM Job: 1358197)
[2025-11-08 09:43:23] Stage 2 Branch aab1594b1c481fbf started (SLURM Job: 1358200)
[2025-11-08 09:56:04] Stage 2 Branch aa187e505b4ba9c8 started (SLURM Job: 1358203)
[2025-11-08 14:27:27] Stage 2 Branch f91338b4a548335e started (SLURM Job: 1358198)
[2025-11-08 14:28:00] Stage 2 Branch aab1594b1c481fbf started (SLURM Job: 1358201)
[2025-11-08 14:30:31] Stage 2 Branch aa187e505b4ba9c8 started (SLURM Job: 1358204)
[2025-11-08 15:08:44] Stage 2 Branch aab1594b1c481fbf ended (SLURM Job: 1358201)
[2025-11-08 15:31:51] Stage 2 Branch aab1594b1c481fbf started (SLURM Job: 1358202)
[2025-11-08 15:31:56] Stage 2 Branch aab1594b1c481fbf ended (SLURM Job: 1358202)
[2025-11-08 15:48:44] Stage 2 Branch aa187e505b4ba9c8 ended (SLURM Job: 1358204)
[2025-11-08 15:49:15] Stage 2 Branch aa187e505b4ba9c8 started (SLURM Job: 1358205)
[2025-11-08 15:49:25] Stage 2 Branch aa187e505b4ba9c8 ended (SLURM Job: 1358205)
[2025-11-08 16:14:42] Stage 2 Branch f91338b4a548335e ended (SLURM Job: 1358198)
[2025-11-08 16:15:14] Stage 2 Branch f91338b4a548335e started (SLURM Job: 1358199)
[2025-11-08 16:15:26] Stage 2 Branch f91338b4a548335e ended (SLURM Job: 1358199)
[2025-11-09 10:17:58] Stage 1 completed
[2025-11-09 10:17:58] Stage 2 Branch f91338b4a548335e completed
[2025-11-09 10:17:58] Stage 2 Branch aab1594b1c481fbf completed
[2025-11-09 10:17:58] Stage 2 Branch aa187e505b4ba9c8 completed
[2025-11-09 10:17:58] Stage 2 completed (all branches done)
[2025-11-09 10:17:58] Stage 3 submitted (Job ID: 1360030)
[2025-11-09 15:43:30] Stage 1 completed
[2025-11-09 15:43:30] Stage 2 completed (all branches done)
[2025-11-09 15:43:30] Stage 3 submitted (Job ID: 1360176)
