[2025-11-07 13:14:10] ToT run started for research_topics/PFAS_2D_FET_Probes.txt
[2025-11-07 13:14:10] Stage 1 submitted (Job ID: 1357663)
[2025-11-07 16:22:29] Stage 1 completed
[2025-11-07 16:22:29] Stage 2 Branch 490fba8775e3572f job 1/3 submitted (Job ID: 1358188)
[2025-11-07 16:22:29] Stage 2 Branch 490fba8775e3572f job 2/3 submitted (Job ID: 1358189, dependency: 1358188)
[2025-11-07 16:22:29] Stage 2 Branch 490fba8775e3572f job 3/3 submitted (Job ID: 1358190, dependency: 1358189)
[2025-11-07 16:22:29] Stage 2 Branch 81df570d00fc22dd job 1/3 submitted (Job ID: 1358191)
[2025-11-07 16:22:29] Stage 2 Branch 81df570d00fc22dd job 2/3 submitted (Job ID: 1358192, dependency: 1358191)
[2025-11-07 16:22:29] Stage 2 Branch 81df570d00fc22dd job 3/3 submitted (Job ID: 1358193, dependency: 1358192)
[2025-11-07 16:22:29] Stage 2 Branch 7861a41d14f16435 job 1/3 submitted (Job ID: 1358194)
[2025-11-07 16:22:29] Stage 2 Branch 7861a41d14f16435 job 2/3 submitted (Job ID: 1358195, dependency: 1358194)
[2025-11-07 16:22:29] Stage 2 Branch 7861a41d14f16435 job 3/3 submitted (Job ID: 1358196, dependency: 1358195)
[2025-11-08 08:02:50] Stage 2 Branch 490fba8775e3572f started (SLURM Job: 1358188)
[2025-11-08 09:10:22] Stage 2 Branch 81df570d00fc22dd started (SLURM Job: 1358191)
[2025-11-08 09:25:04] Stage 2 Branch 7861a41d14f16435 started (SLURM Job: 1358194)
[2025-11-08 14:10:45] Stage 2 Branch 490fba8775e3572f started (SLURM Job: 1358189)
[2025-11-08 14:24:56] Stage 2 Branch 81df570d00fc22dd started (SLURM Job: 1358192)
[2025-11-08 14:25:56] Stage 2 Branch 7861a41d14f16435 started (SLURM Job: 1358195)
[2025-11-08 14:47:02] Stage 2 Branch 490fba8775e3572f ended (SLURM Job: 1358189)
[2025-11-08 14:55:51] Stage 2 Branch 81df570d00fc22dd ended (SLURM Job: 1358192)
[2025-11-08 14:58:08] Stage 2 Branch 7861a41d14f16435 ended (SLURM Job: 1358195)
[2025-11-08 15:04:42] Stage 2 Branch 490fba8775e3572f started (SLURM Job: 1358190)
[2025-11-08 15:04:51] Stage 2 Branch 490fba8775e3572f ended (SLURM Job: 1358190)
[2025-11-08 15:05:42] Stage 2 Branch 81df570d00fc22dd started (SLURM Job: 1358193)
[2025-11-08 15:05:48] Stage 2 Branch 81df570d00fc22dd ended (SLURM Job: 1358193)
[2025-11-08 15:29:56] Stage 2 Branch 7861a41d14f16435 started (SLURM Job: 1358196)
[2025-11-08 15:30:04] Stage 2 Branch 7861a41d14f16435 ended (SLURM Job: 1358196)
[2025-11-09 10:17:57] Stage 1 completed
[2025-11-09 10:17:57] Stage 2 Branch 490fba8775e3572f completed
[2025-11-09 10:17:57] Stage 2 Branch 81df570d00fc22dd completed
[2025-11-09 10:17:58] Stage 2 Branch 7861a41d14f16435 completed
[2025-11-09 10:17:58] Stage 2 completed (all branches done)
[2025-11-09 10:17:58] Stage 3 submitted (Job ID: 1360029)
[2025-11-09 15:43:30] Stage 1 completed
[2025-11-09 15:43:30] Stage 2 completed (all branches done)
[2025-11-09 15:43:30] Stage 3 submitted (Job ID: 1360175)
