[2025-11-07 13:14:11] ToT run started for research_topics/Transient_Biodegradable_Sensor_Nodes.txt
[2025-11-07 13:14:11] Stage 1 submitted (Job ID: 1357668)
[2025-11-07 16:22:32] Stage 1 completed
[2025-11-07 16:22:33] Stage 2 Branch 95229998934b8393 job 1/3 submitted (Job ID: 1358235)
[2025-11-07 16:22:33] Stage 2 Branch 95229998934b8393 job 2/3 submitted (Job ID: 1358236, dependency: 1358235)
[2025-11-07 16:22:33] Stage 2 Branch 95229998934b8393 job 3/3 submitted (Job ID: 1358237, dependency: 1358236)
[2025-11-07 16:22:33] Stage 2 Branch 9bba8df04f47fac5 job 1/3 submitted (Job ID: 1358238)
[2025-11-07 16:22:33] Stage 2 Branch 9bba8df04f47fac5 job 2/3 submitted (Job ID: 1358239, dependency: 1358238)
[2025-11-07 16:22:33] Stage 2 Branch 9bba8df04f47fac5 job 3/3 submitted (Job ID: 1358240, dependency: 1358239)
[2025-11-07 16:22:33] Stage 2 Branch d012d1e9ae27ccf0 job 1/3 submitted (Job ID: 1358241)
[2025-11-07 16:22:33] Stage 2 Branch d012d1e9ae27ccf0 job 2/3 submitted (Job ID: 1358242, dependency: 1358241)
[2025-11-07 16:22:33] Stage 2 Branch d012d1e9ae27ccf0 job 3/3 submitted (Job ID: 1358243, dependency: 1358242)
[2025-11-08 14:16:41] Stage 2 Branch 95229998934b8393 started (SLURM Job: 1358235)
[2025-11-08 14:55:00] Stage 2 Branch 9bba8df04f47fac5 started (SLURM Job: 1358238)
[2025-11-08 14:58:41] Stage 2 Branch d012d1e9ae27ccf0 started (SLURM Job: 1358241)
[2025-11-08 18:17:03] Stage 2 Branch 95229998934b8393 started (SLURM Job: 1358236)
[2025-11-08 18:39:13] Stage 2 Branch 95229998934b8393 ended (SLURM Job: 1358236)
[2025-11-08 18:39:46] Stage 2 Branch 95229998934b8393 started (SLURM Job: 1358237)
[2025-11-08 18:39:54] Stage 2 Branch 95229998934b8393 ended (SLURM Job: 1358237)
[2025-11-08 18:55:33] Stage 2 Branch 9bba8df04f47fac5 started (SLURM Job: 1358239)
[2025-11-08 18:59:04] Stage 2 Branch d012d1e9ae27ccf0 started (SLURM Job: 1358242)
[2025-11-08 19:28:45] Stage 2 Branch d012d1e9ae27ccf0 ended (SLURM Job: 1358242)
[2025-11-08 19:29:17] Stage 2 Branch d012d1e9ae27ccf0 started (SLURM Job: 1358243)
[2025-11-08 19:29:25] Stage 2 Branch d012d1e9ae27ccf0 ended (SLURM Job: 1358243)
[2025-11-08 20:32:40] Stage 2 Branch 9bba8df04f47fac5 ended (SLURM Job: 1358239)
[2025-11-08 22:22:43] Stage 2 Branch 9bba8df04f47fac5 started (SLURM Job: 1358240)
[2025-11-08 22:22:51] Stage 2 Branch 9bba8df04f47fac5 ended (SLURM Job: 1358240)
[2025-11-09 10:18:00] Stage 1 completed
[2025-11-09 10:18:00] Stage 2 Branch 95229998934b8393 completed
[2025-11-09 10:18:00] Stage 2 Branch 9bba8df04f47fac5 completed
[2025-11-09 10:18:00] Stage 2 Branch d012d1e9ae27ccf0 completed
[2025-11-09 10:18:00] Stage 2 completed (all branches done)
[2025-11-09 10:18:00] Stage 3 submitted (Job ID: 1360034)
[2025-11-09 15:43:32] Stage 1 completed
[2025-11-09 15:43:32] Stage 2 completed (all branches done)
[2025-11-09 15:43:32] Stage 3 submitted (Job ID: 1360180)
