[2025-11-07 13:14:07] ToT run started for research_topics/2D_Synaptic_Transistors_Practical.txt
[2025-11-07 13:14:07] Stage 1 submitted (Job ID: 1357643)
[2025-11-07 16:22:14] Stage 1 completed
[2025-11-07 16:22:14] Stage 2 Branch f5022d76baf990ca job 1/3 submitted (Job ID: 1358006)
[2025-11-07 16:22:14] Stage 2 Branch f5022d76baf990ca job 2/3 submitted (Job ID: 1358007, dependency: 1358006)
[2025-11-07 16:22:14] Stage 2 Branch f5022d76baf990ca job 3/3 submitted (Job ID: 1358008, dependency: 1358007)
[2025-11-07 16:22:14] Stage 2 Branch 1c350f6c99ed3c84 job 1/3 submitted (Job ID: 1358009)
[2025-11-07 16:22:14] Stage 2 Branch 1c350f6c99ed3c84 job 2/3 submitted (Job ID: 1358010, dependency: 1358009)
[2025-11-07 16:22:14] Stage 2 Branch 1c350f6c99ed3c84 job 3/3 submitted (Job ID: 1358011, dependency: 1358010)
[2025-11-07 16:22:14] Stage 2 Branch 459255dc45c8ebc3 job 1/3 submitted (Job ID: 1358012)
[2025-11-07 16:22:14] Stage 2 Branch 459255dc45c8ebc3 job 2/3 submitted (Job ID: 1358013, dependency: 1358012)
[2025-11-07 16:22:14] Stage 2 Branch 459255dc45c8ebc3 job 3/3 submitted (Job ID: 1358014, dependency: 1358013)
[2025-11-07 16:36:24] Stage 2 Branch f5022d76baf990ca started (SLURM Job: 1358006)
[2025-11-07 16:41:54] Stage 2 Branch 1c350f6c99ed3c84 started (SLURM Job: 1358009)
[2025-11-07 16:50:51] Stage 2 Branch 459255dc45c8ebc3 started (SLURM Job: 1358012)
[2025-11-07 20:28:03] Stage 2 Branch f5022d76baf990ca ended (SLURM Job: 1358006)
[2025-11-07 21:40:14] Stage 2 Branch f5022d76baf990ca started (SLURM Job: 1358007)
[2025-11-07 21:40:25] Stage 2 Branch f5022d76baf990ca ended (SLURM Job: 1358007)
[2025-11-07 21:40:58] Stage 2 Branch 1c350f6c99ed3c84 started (SLURM Job: 1358010)
[2025-11-07 21:45:47] Stage 2 Branch 459255dc45c8ebc3 started (SLURM Job: 1358013)
[2025-11-07 21:45:56] Stage 2 Branch 459255dc45c8ebc3 ended (SLURM Job: 1358013)
[2025-11-07 21:46:49] Stage 2 Branch 1c350f6c99ed3c84 ended (SLURM Job: 1358010)
[2025-11-07 22:06:16] Stage 2 Branch f5022d76baf990ca started (SLURM Job: 1358008)
[2025-11-07 22:06:24] Stage 2 Branch f5022d76baf990ca ended (SLURM Job: 1358008)
[2025-11-07 22:07:20] Stage 2 Branch 459255dc45c8ebc3 started (SLURM Job: 1358014)
[2025-11-07 22:07:31] Stage 2 Branch 459255dc45c8ebc3 ended (SLURM Job: 1358014)
[2025-11-07 22:08:03] Stage 2 Branch 1c350f6c99ed3c84 started (SLURM Job: 1358011)
[2025-11-07 22:08:08] Stage 2 Branch 1c350f6c99ed3c84 ended (SLURM Job: 1358011)
[2025-11-09 10:17:48] Stage 1 completed
[2025-11-09 10:17:48] Stage 2 Branch f5022d76baf990ca completed
[2025-11-09 10:17:48] Stage 2 Branch 1c350f6c99ed3c84 completed
[2025-11-09 10:17:48] Stage 2 Branch 459255dc45c8ebc3 completed
[2025-11-09 10:17:48] Stage 2 completed (all branches done)
[2025-11-09 10:17:48] Stage 3 submitted (Job ID: 1360009)
[2025-11-09 15:43:21] Stage 1 completed
[2025-11-09 15:43:21] Stage 2 completed (all branches done)
[2025-11-09 15:43:21] Stage 3 submitted (Job ID: 1360155)
