[2025-11-07 13:14:08] ToT run started for research_topics/CO2_Sensing_2D_Materials.txt
[2025-11-07 13:14:08] Stage 1 submitted (Job ID: 1357649)
[2025-11-07 16:22:18] Stage 1 completed
[2025-11-07 16:22:19] Stage 2 Branch 48ca4e89407db12e job 1/3 submitted (Job ID: 1358060)
[2025-11-07 16:22:19] Stage 2 Branch 48ca4e89407db12e job 2/3 submitted (Job ID: 1358061, dependency: 1358060)
[2025-11-07 16:22:19] Stage 2 Branch 48ca4e89407db12e job 3/3 submitted (Job ID: 1358062, dependency: 1358061)
[2025-11-07 16:22:19] Stage 2 Branch 7590c9059e38364b job 1/3 submitted (Job ID: 1358063)
[2025-11-07 16:22:19] Stage 2 Branch 7590c9059e38364b job 2/3 submitted (Job ID: 1358064, dependency: 1358063)
[2025-11-07 16:22:19] Stage 2 Branch 7590c9059e38364b job 3/3 submitted (Job ID: 1358065, dependency: 1358064)
[2025-11-07 16:22:19] Stage 2 Branch ab37a715af8efac3 job 1/3 submitted (Job ID: 1358066)
[2025-11-07 16:22:19] Stage 2 Branch ab37a715af8efac3 job 2/3 submitted (Job ID: 1358067, dependency: 1358066)
[2025-11-07 16:22:19] Stage 2 Branch ab37a715af8efac3 job 3/3 submitted (Job ID: 1358068, dependency: 1358067)
[2025-11-07 20:42:07] Stage 2 Branch 48ca4e89407db12e started (SLURM Job: 1358060)
[2025-11-07 20:51:11] Stage 2 Branch 7590c9059e38364b started (SLURM Job: 1358063)
[2025-11-07 20:53:42] Stage 2 Branch ab37a715af8efac3 started (SLURM Job: 1358066)
[2025-11-08 00:58:41] Stage 2 Branch 48ca4e89407db12e started (SLURM Job: 1358061)
[2025-11-08 01:12:47] Stage 2 Branch 48ca4e89407db12e ended (SLURM Job: 1358061)
[2025-11-08 01:13:30] Stage 2 Branch 7590c9059e38364b started (SLURM Job: 1358064)
[2025-11-08 01:13:39] Stage 2 Branch 7590c9059e38364b ended (SLURM Job: 1358064)
[2025-11-08 01:14:32] Stage 2 Branch ab37a715af8efac3 started (SLURM Job: 1358067)
[2025-11-08 01:20:20] Stage 2 Branch ab37a715af8efac3 ended (SLURM Job: 1358067)
[2025-11-08 01:28:27] Stage 2 Branch 48ca4e89407db12e started (SLURM Job: 1358062)
[2025-11-08 01:28:32] Stage 2 Branch 48ca4e89407db12e ended (SLURM Job: 1358062)
[2025-11-08 01:28:57] Stage 2 Branch 7590c9059e38364b started (SLURM Job: 1358065)
[2025-11-08 01:29:04] Stage 2 Branch 7590c9059e38364b ended (SLURM Job: 1358065)
[2025-11-08 01:29:58] Stage 2 Branch ab37a715af8efac3 started (SLURM Job: 1358068)
[2025-11-08 01:30:03] Stage 2 Branch ab37a715af8efac3 ended (SLURM Job: 1358068)
[2025-11-09 10:17:51] Stage 1 completed
[2025-11-09 10:17:51] Stage 2 Branch 48ca4e89407db12e completed
[2025-11-09 10:17:51] Stage 2 Branch 7590c9059e38364b completed
[2025-11-09 10:17:51] Stage 2 Branch ab37a715af8efac3 completed
[2025-11-09 10:17:51] Stage 2 completed (all branches done)
[2025-11-09 10:17:51] Stage 3 submitted (Job ID: 1360015)
[2025-11-09 15:43:23] Stage 1 completed
[2025-11-09 15:43:24] Stage 2 completed (all branches done)
[2025-11-09 15:43:24] Stage 3 submitted (Job ID: 1360161)
