[2025-11-07 13:14:09] ToT run started for research_topics/Mixed_Dimensional_Low_Noise_Transducers.txt
[2025-11-07 13:14:09] Stage 1 submitted (Job ID: 1357658)
[2025-11-07 16:22:25] Stage 1 completed
[2025-11-07 16:22:25] Stage 2 Branch 2cb202ef51c67dd7 job 1/3 submitted (Job ID: 1358141)
[2025-11-07 16:22:25] Stage 2 Branch 2cb202ef51c67dd7 job 2/3 submitted (Job ID: 1358142, dependency: 1358141)
[2025-11-07 16:22:25] Stage 2 Branch 2cb202ef51c67dd7 job 3/3 submitted (Job ID: 1358143, dependency: 1358142)
[2025-11-07 16:22:25] Stage 2 Branch a43043e85842459c job 1/3 submitted (Job ID: 1358144)
[2025-11-07 16:22:25] Stage 2 Branch a43043e85842459c job 2/3 submitted (Job ID: 1358145, dependency: 1358144)
[2025-11-07 16:22:25] Stage 2 Branch a43043e85842459c job 3/3 submitted (Job ID: 1358146, dependency: 1358145)
[2025-11-07 16:22:25] Stage 2 Branch aebbd345f75b5a3c job 1/3 submitted (Job ID: 1358147)
[2025-11-07 16:22:25] Stage 2 Branch aebbd345f75b5a3c job 2/3 submitted (Job ID: 1358148, dependency: 1358147)
[2025-11-07 16:22:26] Stage 2 Branch aebbd345f75b5a3c job 3/3 submitted (Job ID: 1358149, dependency: 1358148)
[2025-11-08 04:02:25] Stage 2 Branch 2cb202ef51c67dd7 started (SLURM Job: 1358141)
[2025-11-08 04:19:13] Stage 2 Branch a43043e85842459c started (SLURM Job: 1358144)
[2025-11-08 04:19:45] Stage 2 Branch aebbd345f75b5a3c started (SLURM Job: 1358147)
[2025-11-08 08:36:38] Stage 2 Branch 2cb202ef51c67dd7 started (SLURM Job: 1358142)
[2025-11-08 08:37:38] Stage 2 Branch a43043e85842459c started (SLURM Job: 1358145)
[2025-11-08 09:00:57] Stage 2 Branch aebbd345f75b5a3c started (SLURM Job: 1358148)
[2025-11-08 09:24:31] Stage 2 Branch 2cb202ef51c67dd7 ended (SLURM Job: 1358142)
[2025-11-08 09:39:12] Stage 2 Branch a43043e85842459c ended (SLURM Job: 1358145)
[2025-11-08 09:43:27] Stage 2 Branch 2cb202ef51c67dd7 started (SLURM Job: 1358143)
[2025-11-08 09:43:36] Stage 2 Branch 2cb202ef51c67dd7 ended (SLURM Job: 1358143)
[2025-11-08 09:52:21] Stage 2 Branch aebbd345f75b5a3c ended (SLURM Job: 1358148)
[2025-11-08 09:53:34] Stage 2 Branch a43043e85842459c started (SLURM Job: 1358146)
[2025-11-08 09:53:39] Stage 2 Branch a43043e85842459c ended (SLURM Job: 1358146)
[2025-11-08 09:58:54] Stage 2 Branch aebbd345f75b5a3c started (SLURM Job: 1358149)
[2025-11-08 09:59:01] Stage 2 Branch aebbd345f75b5a3c ended (SLURM Job: 1358149)
[2025-11-09 10:17:55] Stage 1 completed
[2025-11-09 10:17:55] Stage 2 Branch 2cb202ef51c67dd7 completed
[2025-11-09 10:17:55] Stage 2 Branch a43043e85842459c completed
[2025-11-09 10:17:55] Stage 2 Branch aebbd345f75b5a3c completed
[2025-11-09 10:17:55] Stage 2 completed (all branches done)
[2025-11-09 10:17:55] Stage 3 submitted (Job ID: 1360024)
[2025-11-09 15:43:27] Stage 1 completed
[2025-11-09 15:43:28] Stage 2 completed (all branches done)
[2025-11-09 15:43:28] Stage 3 submitted (Job ID: 1360170)
