[2025-11-07 13:14:10] ToT run started for research_topics/Nutrient_Sensors_Anti_Interference.txt
[2025-11-07 13:14:10] Stage 1 submitted (Job ID: 1357661)
[2025-11-07 16:22:27] Stage 1 completed
[2025-11-07 16:22:27] Stage 2 Branch ec04342d2b9d4bcb job 1/3 submitted (Job ID: 1358168)
[2025-11-07 16:22:27] Stage 2 Branch ec04342d2b9d4bcb job 2/3 submitted (Job ID: 1358169, dependency: 1358168)
[2025-11-07 16:22:28] Stage 2 Branch ec04342d2b9d4bcb job 3/3 submitted (Job ID: 1358170, dependency: 1358169)
[2025-11-07 16:22:28] Stage 2 Branch 75a1897ac34d3589 job 1/3 submitted (Job ID: 1358171)
[2025-11-07 16:22:28] Stage 2 Branch 75a1897ac34d3589 job 2/3 submitted (Job ID: 1358172, dependency: 1358171)
[2025-11-07 16:22:28] Stage 2 Branch 75a1897ac34d3589 job 3/3 submitted (Job ID: 1358173, dependency: 1358172)
[2025-11-07 16:22:28] Stage 2 Branch 53e53a1001dff8ff job 1/3 submitted (Job ID: 1358174)
[2025-11-07 16:22:28] Stage 2 Branch 53e53a1001dff8ff job 2/3 submitted (Job ID: 1358175, dependency: 1358174)
[2025-11-07 16:22:28] Stage 2 Branch 53e53a1001dff8ff job 3/3 submitted (Job ID: 1358176, dependency: 1358175)
[2025-11-08 05:42:53] Stage 2 Branch ec04342d2b9d4bcb started (SLURM Job: 1358168)
[2025-11-08 06:08:40] Stage 2 Branch 75a1897ac34d3589 started (SLURM Job: 1358171)
[2025-11-08 06:14:41] Stage 2 Branch 53e53a1001dff8ff started (SLURM Job: 1358174)
[2025-11-08 09:54:50] Stage 2 Branch ec04342d2b9d4bcb started (SLURM Job: 1358169)
[2025-11-08 10:24:35] Stage 2 Branch 75a1897ac34d3589 started (SLURM Job: 1358172)
[2025-11-08 10:33:23] Stage 2 Branch 53e53a1001dff8ff started (SLURM Job: 1358175)
[2025-11-08 10:34:00] Stage 2 Branch ec04342d2b9d4bcb ended (SLURM Job: 1358169)
[2025-11-08 11:11:38] Stage 2 Branch 75a1897ac34d3589 ended (SLURM Job: 1358172)
[2025-11-08 11:26:58] Stage 2 Branch 53e53a1001dff8ff ended (SLURM Job: 1358175)
[2025-11-08 12:02:55] Stage 2 Branch ec04342d2b9d4bcb started (SLURM Job: 1358170)
[2025-11-08 12:03:03] Stage 2 Branch ec04342d2b9d4bcb ended (SLURM Job: 1358170)
[2025-11-08 12:10:00] Stage 2 Branch 75a1897ac34d3589 started (SLURM Job: 1358173)
[2025-11-08 12:10:07] Stage 2 Branch 75a1897ac34d3589 ended (SLURM Job: 1358173)
[2025-11-08 14:10:02] Stage 2 Branch 53e53a1001dff8ff started (SLURM Job: 1358176)
[2025-11-08 14:10:10] Stage 2 Branch 53e53a1001dff8ff ended (SLURM Job: 1358176)
[2025-11-09 10:17:56] Stage 1 completed
[2025-11-09 10:17:56] Stage 2 Branch ec04342d2b9d4bcb completed
[2025-11-09 10:17:56] Stage 2 Branch 75a1897ac34d3589 completed
[2025-11-09 10:17:57] Stage 2 Branch 53e53a1001dff8ff completed
[2025-11-09 10:17:57] Stage 2 completed (all branches done)
[2025-11-09 10:17:57] Stage 3 submitted (Job ID: 1360027)
[2025-11-09 15:43:29] Stage 1 completed
[2025-11-09 15:43:29] Stage 2 completed (all branches done)
[2025-11-09 15:43:29] Stage 3 submitted (Job ID: 1360173)
